\BOOKMARK [1][-]{section.1}{\376\377\000M\000i\000d\000t\000e\000r\000m\000\040\000r\000e\000c\000a\000p}{}% 1
\BOOKMARK [2][-]{subsection.1.1}{\376\377\000E\000v\000o\000l\000u\000t\000i\000o\000n\000\040\000e\000q\000u\000a\000t\000i\000o\000n\000s}{section.1}% 2
\BOOKMARK [2][-]{subsection.1.2}{\376\377\000C\000o\000m\000p\000o\000n\000e\000n\000t\000s\000\040\000o\000f\000\040\000t\000h\000e\000\040\000U\000n\000i\000v\000e\000r\000s\000e}{section.1}% 3
\BOOKMARK [2][-]{subsection.1.3}{\376\377\000D\000i\000s\000t\000a\000n\000c\000e\000s\000\040\000i\000n\000\040\000t\000h\000e\000\040\000U\000n\000i\000v\000e\000r\000s\000e}{section.1}% 4
\BOOKMARK [2][-]{subsection.1.4}{\376\377\000K\000e\000y\000\040\000c\000o\000n\000c\000e\000p\000t\000s\000\040\000i\000n\000\040\000t\000h\000e\000r\000m\000a\000l\000\040\000h\000i\000s\000t\000o\000r\000y}{section.1}% 5
\BOOKMARK [1][-]{section.2}{\376\377\000T\000h\000e\000r\000m\000a\000l\000\040\000H\000i\000s\000t\000o\000r\000y}{}% 6
\BOOKMARK [2][-]{subsection.2.1}{\376\377\000P\000l\000a\000n\000c\000k\000\040\000t\000i\000m\000e}{section.2}% 7
\BOOKMARK [2][-]{subsection.2.2}{\376\377\000I\000n\000t\000e\000r\000a\000c\000t\000i\000o\000n\000s}{section.2}% 8
\BOOKMARK [2][-]{subsection.2.3}{\376\377\000E\000f\000f\000e\000c\000t\000i\000v\000e\000\040\000D\000O\000F\000s}{section.2}% 9
\BOOKMARK [2][-]{subsection.2.4}{\376\377\000T\000e\000m\000p\000e\000r\000a\000t\000u\000r\000e\000\040\000e\000v\000o\000l\000u\000t\000i\000o\000n}{section.2}% 10
\BOOKMARK [3][-]{subsubsection.2.4.1}{\376\377\000I\000m\000p\000o\000r\000t\000a\000n\000t\000\040\000r\000e\000m\000a\000r\000k\000\040\000o\000n\000\040\000E\000x\000t\000e\000n\000s\000i\000v\000e\000\040\000a\000n\000d\000\040\000I\000n\000t\000e\000n\000s\000i\000v\000e\000\040\000p\000r\000o\000p\000e\000r\000t\000i\000e\000s\000\040\000o\000f\000\040\000t\000h\000e\000r\000m\000o\000d\000y\000n\000a\000m\000i\000c\000s\000\040\000q\000u\000a\000t\000i\000t\000i\000e\000s}{subsection.2.4}% 11
\BOOKMARK [2][-]{subsection.2.5}{\376\377\000C\000o\000n\000s\000e\000q\000u\000e\000n\000c\000e\000s\000\040\000o\000f\000\040\000e\000n\000t\000r\000o\000p\000y\000\040\000c\000o\000n\000s\000e\000r\000v\000a\000t\000i\000o\000n}{section.2}% 12
\BOOKMARK [2][-]{subsection.2.6}{\376\377\000N\000e\000u\000t\000r\000i\000n\000o\000\040\000d\000e\000c\000o\000u\000p\000l\000i\000n\000g}{section.2}% 13
\BOOKMARK [2][-]{subsection.2.7}{\376\377\000P\000o\000s\000i\000t\000r\000o\000n\000\040\000e\000l\000e\000c\000t\000r\000o\000n\000\040\000a\000n\000n\000i\000h\000i\000l\000a\000t\000i\000o\000n}{section.2}% 14
\BOOKMARK [1][-]{section.3}{\376\377\000B\000e\000y\000o\000n\000d\000\040\000e\000q\000u\000i\000l\000i\000b\000r\000i\000u\000m}{}% 15
\BOOKMARK [2][-]{subsection.3.1}{\376\377\000B\000o\000l\000t\000z\000m\000a\000n\000n\000\040\000e\000q\000u\000a\000t\000i\000o\000n}{section.3}% 16
\BOOKMARK [2][-]{subsection.3.2}{\376\377\000D\000a\000r\000k\000\040\000m\000a\000t\000t\000e\000r}{section.3}% 17
\BOOKMARK [1][-]{section.4}{\376\377\000H\000y\000d\000r\000o\000g\000e\000n\000\040\000r\000e\000c\000o\000m\000b\000i\000n\000a\000t\000i\000o\000n}{}% 18
\BOOKMARK [2][-]{subsection.4.1}{\376\377\000f\000r\000e\000e\000\040\000e\000l\000e\000c\000t\000r\000o\000n\000\040\000f\000r\000a\000c\000t\000i\000o\000n}{section.4}% 19
\BOOKMARK [3][-]{subsubsection.4.1.1}{\376\377\000Q\000u\000i\000c\000k\000\040\000r\000e\000d\000s\000h\000i\000f\000t\000\040\000e\000s\000t\000i\000m\000a\000t\000i\000o\000n}{subsection.4.1}% 20
\BOOKMARK [2][-]{subsection.4.2}{\376\377\000P\000h\000o\000t\000o\000n\000\040\000d\000e\000c\000o\000u\000p\000l\000i\000n\000g}{section.4}% 21
\BOOKMARK [1][-]{section.5}{\376\377\000J\000e\000s\000u\000s\000\040\000c\000h\000r\000i\000s\000t\000\040\000i\000s\000\040\000B\000B\000N\000\040\000\050\000N\000o\000t\000\040\000J\000u\000l\000i\000o\000\051}{}% 22
\BOOKMARK [2][-]{subsection.5.1}{\376\377\000N\000e\000u\000t\000r\000o\000n\000\040\000a\000b\000u\000n\000d\000a\000n\000c\000e\000\040\000i\000n\000\040\000e\000q\000u\000l\000i\000b\000r\000i\000u\000m}{section.5}% 23
\BOOKMARK [2][-]{subsection.5.2}{\376\377\000T\000h\000e\000\040\000d\000e\000u\000t\000e\000r\000i\000u\000m\000\040\000b\000o\000t\000t\000l\000e\000n\000e\000c\000k}{section.5}% 24
\BOOKMARK [3][-]{subsubsection.5.2.1}{\376\377\000N\000e\000u\000t\000r\000o\000n\000s\000\040\000o\000u\000t\000\040\000o\000f\000\040\000e\000q\000u\000i\000l\000i\000b\000r\000i\000u\000m}{subsection.5.2}% 25
\BOOKMARK [3][-]{subsubsection.5.2.2}{\376\377\000N\000e\000u\000t\000r\000o\000n\000\040\000d\000e\000c\000a\000y}{subsection.5.2}% 26
\BOOKMARK [2][-]{subsection.5.3}{\376\377\000H\000e\000l\000i\000u\000m\000\040\000f\000u\000s\000i\000o\000n}{section.5}% 27
\BOOKMARK [2][-]{subsection.5.4}{\376\377\000B\000i\000g\000\040\000r\000e\000v\000i\000e\000w\000\040\000o\000f\000\040\000B\000e\000y\000o\000n\000d\000\040\000E\000q\000u\000i\000l\000i\000b\000r\000i\000u\000m\000\040\000i\000n\000\040\000g\000e\000n\000e\000r\000a\000l}{section.5}% 28
\BOOKMARK [1][-]{section.6}{\376\377\000T\000h\000e\000\040\000B\000o\000l\000t\000z\000m\000a\000n\000n\000\040\000e\000q\000u\000a\000t\000i\000o\000n}{}% 29
\BOOKMARK [2][-]{subsection.6.1}{\376\377\000B\000o\000l\000t\000z\000m\000a\000n\000n\000\040\000e\000q\000u\000a\000t\000i\000o\000n\000\040\000f\000o\000r\000\040\000p\000e\000r\000t\000u\000r\000b\000a\000t\000i\000o\000n\000s}{section.6}% 30
\BOOKMARK [2][-]{subsection.6.2}{\376\377\000I\000n\000t\000u\000i\000t\000i\000o\000n\000\040\000o\000n\000\040\000B\000o\000l\000t\000z\000m\000a\000n\000n\000\040\000e\000q\000u\000a\000t\000i\000o\000n\000\040\000t\000h\000r\000o\000u\000g\000h\000\040\000S\000H\000O}{section.6}% 31
\BOOKMARK [2][-]{subsection.6.3}{\376\377\000P\000h\000o\000t\000o\000n\000s\000,\000\040\000e\000l\000e\000c\000t\000r\000o\000n\000s\000,\000\040\000a\000n\000d\000\040\000m\000e\000t\000r\000i\000c\000s\000\040\000r\000e\000l\000a\000t\000i\000o\000n\000s}{section.6}% 32
\BOOKMARK [2][-]{subsection.6.4}{\376\377\000I\000m\000p\000l\000e\000m\000e\000n\000t\000i\000n\000g\000\040\000g\000e\000o\000d\000e\000s\000i\000c\000\040\000e\000q\000u\000a\000t\000i\000o\000n}{section.6}% 33
\BOOKMARK [2][-]{subsection.6.5}{\376\377\000P\000h\000o\000t\000o\000n\000\040\000p\000e\000r\000t\000u\000r\000b\000a\000t\000i\000o\000n}{section.6}% 34
\BOOKMARK [3][-]{subsubsection.6.5.1}{\376\377\0000\000t\000h\000\040\000o\000r\000d\000e\000r}{subsection.6.5}% 35
\BOOKMARK [3][-]{subsubsection.6.5.2}{\376\377\0001\000s\000t\000\040\000o\000r\000d\000e\000r}{subsection.6.5}% 36
\BOOKMARK [2][-]{subsection.6.6}{\376\377\000D\000a\000r\000k\000\040\000m\000a\000t\000t\000e\000r}{section.6}% 37
\BOOKMARK [3][-]{subsubsection.6.6.1}{\376\377\000M\000o\000m\000e\000n\000t\000s\000\040\000i\000n\000\040\000D\000M}{subsection.6.6}% 38
\BOOKMARK [2][-]{subsection.6.7}{\376\377\000B\000a\000r\000y\000o\000n\000s\000\040\000a\000n\000d\000\040\000e\000l\000e\000c\000t\000r\000o\000n\000s\000\040\000a\000n\000d\000\040\000t\000h\000e\000\040\000m\000e\000t\000r\000i\000c}{section.6}% 39
\BOOKMARK [1][-]{section.7}{\376\377\000I\000n\000h\000o\000m\000o\000g\000e\000n\000e\000i\000t\000i\000e\000s}{}% 40
\BOOKMARK [2][-]{subsection.7.1}{\376\377\000G\000r\000a\000v\000i\000t\000a\000t\000i\000o\000n\000a\000l\000\040\000c\000o\000l\000l\000a\000p\000s\000e}{section.7}% 41
\BOOKMARK [2][-]{subsection.7.2}{\376\377\000R\000e\000c\000a\000p\000\040\000o\000n\000\040\000B\000o\000l\000t\000z\000m\000a\000n\000n}{section.7}% 42
\BOOKMARK [2][-]{subsection.7.3}{\376\377\000P\000e\000r\000t\000u\000r\000b\000a\000t\000i\000o\000n\000s\000\040\000o\000n\000\040\000l\000a\000r\000g\000e\000\040\000s\000c\000a\000l\000e\000s}{section.7}% 43
\BOOKMARK [3][-]{subsubsection.7.3.1}{\376\377\000H\000o\000r\000i\000z\000o\000n\000\040\000c\000r\000o\000s\000s\000i\000n\000g\000\040\000k\0001}{subsection.7.3}% 44
\BOOKMARK [3][-]{subsubsection.7.3.2}{\376\377\000H\000o\000r\000i\000z\000o\000n\000\040\000c\000r\000o\000s\000s\000i\000n\000g\000\040\000\040\000k\000\040\0001\000\040}{subsection.7.3}% 45
\BOOKMARK [2][-]{subsection.7.4}{\376\377\000P\000e\000r\000t\000u\000r\000b\000a\000t\000i\000o\000n\000\040\000o\000n\000\040\000s\000m\000a\000l\000l\000\040\000s\000c\000a\000l\000e\000s}{section.7}% 46
\BOOKMARK [2][-]{subsection.7.5}{\376\377\000M\000a\000t\000t\000e\000r\000\040\000d\000e\000n\000s\000i\000t\000y\000\040\000p\000e\000r\000t\000u\000r\000b\000a\000t\000i\000o\000n}{section.7}% 47
\BOOKMARK [2][-]{subsection.7.6}{\376\377\000T\000h\000e\000\040\000m\000a\000t\000c\000h\000i\000n\000g\000\040\000e\000r\000a\000\040\000a\000n\000d\000\040\000t\000h\000e\000\040\000t\000r\000a\000n\000s\000f\000e\000r\000\040\000f\000u\000n\000c\000t\000i\000o\000n}{section.7}% 48
\BOOKMARK [2][-]{subsection.7.7}{\376\377\000G\000r\000o\000w\000t\000h\000\040\000f\000u\000n\000c\000t\000i\000o\000n\000\040\000a\000t\000\040\000l\000a\000t\000e\000\040\000t\000i\000m\000e\000s}{section.7}% 49
\BOOKMARK [2][-]{subsection.7.8}{\376\377\000E\000v\000o\000l\000u\000t\000i\000o\000n\000\040\000o\000f\000\040\000t\000h\000e\000\040\000m\000a\000t\000t\000e\000r\000\040\000p\000o\000w\000e\000r\000\040\000s\000p\000e\000c\000t\000r\000u\000m}{section.7}% 50
\BOOKMARK [2][-]{subsection.7.9}{\376\377\000N\000u\000m\000e\000r\000i\000c\000a\000l\000\040\000a\000p\000p\000r\000o\000a\000c\000h\000e\000s}{section.7}% 51
\BOOKMARK [3][-]{subsubsection.7.9.1}{\376\377\000M\000a\000t\000t\000e\000r\000-\000o\000n\000l\000y}{subsection.7.9}% 52
\BOOKMARK [3][-]{subsubsection.7.9.2}{\376\377\000U\000s\000e\000\040\000o\000f\000\040\000N\000e\000w\000t\000o\000n\000i\000a\000n\000\040\000p\000h\000y\000s\000i\000c\000s}{subsection.7.9}% 53
\BOOKMARK [3][-]{subsubsection.7.9.3}{\376\377\000N\000o\000\040\000f\000o\000r\000m\000a\000t\000i\000o\000n\000\040\000o\000f\000\040\000g\000a\000l\000a\000x\000i\000e\000s}{subsection.7.9}% 54
\BOOKMARK [1][-]{section.8}{\376\377\000C\000M\000B}{}% 55
\BOOKMARK [2][-]{subsection.8.1}{\376\377\000B\000l\000a\000c\000k\000b\000o\000d\000y\000\040\000L\000a\000w}{section.8}% 56
\BOOKMARK [2][-]{subsection.8.2}{\376\377\000A\000n\000g\000u\000l\000a\000r\000\040\000d\000e\000c\000o\000m\000p\000o\000s\000i\000t\000i\000o\000n\000\040\000o\000f\000\040\000C\000M\000B}{section.8}% 57
\BOOKMARK [2][-]{subsection.8.3}{\376\377\000c\000o\000n\000n\000e\000c\000t\000i\000o\000n\000\040\000t\000o\000\040\000B\000o\000l\000t\000z\000m\000a\000n\000n\000\040\000t\000h\000e\000o\000r\000y}{section.8}% 58
\BOOKMARK [1][-]{section.9}{\376\377\000B\000r\000i\000e\000f\000\040\000H\000i\000s\000t\000o\000r\000y\000\040\000o\000f\000\040\000t\000h\000e\000\040\000U\000n\000i\000v\000e\000r\000s\000e\000\040\000a\000g\000a\000i\000n}{}% 59
\BOOKMARK [2][-]{subsection.9.1}{\376\377\000R\000e\000l\000e\000v\000a\000n\000t\000\040\000s\000c\000a\000l\000e\000s}{section.9}% 60
\BOOKMARK [2][-]{subsection.9.2}{\376\377\000s\000l\000o\000w\000\040\000r\000o\000l\000l\000\040\000p\000a\000r\000a\000m\000e\000t\000e\000r}{section.9}% 61
\BOOKMARK [2][-]{subsection.9.3}{\376\377\000p\000e\000r\000f\000e\000c\000t\000\040\000f\000l\000u\000i\000d\000\040\000a\000n\000d\000\040\000d\000r\000i\000v\000i\000n\000g\000\040\000m\000e\000c\000h\000a\000n\000i\000c\000s}{section.9}% 62
\BOOKMARK [2][-]{subsection.9.4}{\376\377\000Q\000u\000i\000c\000k\000\040\000r\000e\000v\000i\000e\000w\000\040\000o\000f\000\040\000t\000h\000e\000r\000m\000o\000d\000y\000n\000a\000m\000i\000c\000s}{section.9}% 63
\BOOKMARK [3][-]{subsubsection.9.4.1}{\376\377\000E\000n\000e\000r\000g\000y\000\040\000c\000o\000m\000e\000s\000\040\000f\000r\000o\000m\000\040\000g\000r\000a\000v\000i\000t\000y}{subsection.9.4}% 64
\BOOKMARK [2][-]{subsection.9.5}{\376\377\000p\000e\000r\000t\000u\000r\000b\000a\000t\000i\000v\000e\000\040\000m\000e\000t\000h\000o\000d\000s}{section.9}% 65
\BOOKMARK [2][-]{subsection.9.6}{\376\377\000N\000o\000n\000-\000p\000e\000r\000t\000u\000r\000b\000a\000t\000i\000v\000e\000\040\000m\000e\000t\000h\000o\000d\000s}{section.9}% 66
