\BOOKMARK [1][-]{section.1}{\376\377\000s\000o\000n\000i\000c\000\040\000o\000f\000\040\000L\000a\000n\000d\000a\000u\000-\000L\000i\000f\000s\000c\000h\000i\000t\000z\000\040\000F\000o\000r\000m\000a\000l\000i\000s\000m\000\040\000o\000f\000\040\000E\000F\000E}{}% 1
\BOOKMARK [2][-]{subsection.1.1}{\376\377\000E\000F\000E\000\040\000i\000n\000\040\000g\000o\000t\000h\000i\000c}{section.1}% 2
\BOOKMARK [1][-]{section.2}{\376\377\000e\000n\000e\000r\000g\000y\000\040\000c\000a\000r\000r\000i\000e\000d\000\040\000b\000y\000\040\000G\000W\000s}{}% 3
\BOOKMARK [2][-]{subsection.2.1}{\376\377\000L\000i\000g\000h\000t\000n\000i\000n\000g\000\040\000r\000e\000v\000i\000e\000w\000\040\000o\000f\000\040\000\040\000\040\000o\000p\000e\000r\000a\000t\000o\000r}{section.2}% 4
\BOOKMARK [1][-]{section.3}{\376\377\000S\000l\000i\000g\000h\000t\000l\000y\000\040\000d\000i\000f\000f\000e\000r\000e\000n\000t\000\040\000f\000r\000o\000m\000\040\000l\000i\000n\000e\000a\000r\000i\000z\000e\000d\000\040\000g\000r\000a\000v\000i\000t\000y}{}% 5
\BOOKMARK [2][-]{subsection.3.1}{\376\377\000\040\000P\000a\000c\000k\000a\000g\000i\000n\000g\000\040\000u\000p\000\040\000t\000h\000e\000\040\000f\000o\000r\000m\000a\000l\000i\000s\000m\000\040}{section.3}% 6
\BOOKMARK [1][-]{section.4}{\376\377\000B\000B\000H\000\040\000G\000W\000s}{}% 7
\BOOKMARK [2][-]{subsection.4.1}{\376\377\000L\000e\000v\000e\000l\000-\000M\000a\000t\000c\000h\000i\000n\000g\000\040\000o\000f\000\040\000a\000s\000y\000m\000p\000t\000o\000t\000i\000c\000\040\000e\000x\000p\000a\000n\000s\000i\000o\000n}{section.4}% 8
\BOOKMARK [3][-]{subsubsection.4.1.1}{\376\377\000S\000i\000m\000p\000l\000e\000\040\000e\000x\000a\000m\000p\000l\000e\000\040\000o\000f\000\040\000a\000s\000y\000m\000p\000t\000o\000t\000i\000c\000\040\000e\000x\000p\000a\000n\000s\000i\000o\000n}{subsection.4.1}% 9
\BOOKMARK [2][-]{subsection.4.2}{\376\377\000i\000n\000t\000e\000r\000m\000e\000d\000i\000a\000t\000e\000\040\000r\000e\000g\000i\000m\000e}{section.4}% 10
\BOOKMARK [2][-]{subsection.4.3}{\376\377\000C\000o\000m\000p\000o\000s\000i\000t\000e\000\040\000e\000x\000p\000a\000n\000s\000i\000o\000n\000\040\000a\000n\000d\000\040\000c\000o\000m\000p\000a\000r\000i\000s\000o\000n\000s}{section.4}% 11
\BOOKMARK [1][-]{section.5}{\376\377\000P\000o\000s\000t\000-\000N\000e\000w\000t\000o\000n\000i\000a\000n\000\040\000\050\000P\000N\000\051\000\040\000t\000h\000e\000o\000r\000y\000\040\000f\000o\000r\000\040\000G\000W\000s}{}% 12
\BOOKMARK [2][-]{subsection.5.1}{\376\377\000C\000o\000m\000m\000e\000n\000c\000e\000\040\000t\000h\000e\000\040\000P\000N\000\040\000a\000n\000a\000l\000y\000s\000i\000s}{section.5}% 13
\BOOKMARK [2][-]{subsection.5.2}{\376\377\000N\000e\000a\000r\000-\000z\000o\000n\000e\000\040\000e\000x\000p\000a\000n\000s\000i\000o\000n\000:\000\040}{section.5}% 14
\BOOKMARK [2][-]{subsection.5.3}{\376\377\000E\000x\000t\000e\000r\000i\000o\000r\000\040\000z\000o\000n\000e}{section.5}% 15
\BOOKMARK [2][-]{subsection.5.4}{\376\377\000M\000u\000l\000t\000i\000p\000o\000l\000e\000\040\000E\000x\000p\000a\000n\000s\000i\000o\000n\000s}{section.5}% 16
\BOOKMARK [2][-]{subsection.5.5}{\376\377\000E\000x\000a\000m\000p\000l\000e\000:\000\040\000e\000x\000t\000e\000r\000i\000o\000r\000\040\000z\000o\000n\000e}{section.5}% 17
\BOOKMARK [2][-]{subsection.5.6}{\376\377\000S\000y\000m\000m\000e\000t\000r\000i\000c\000\040\000t\000r\000a\000c\000e\000-\000f\000r\000e\000e\000\040\000t\000e\000n\000s\000o\000r\000s\000\040\000\050\000S\000T\000F\000\051}{section.5}% 18
\BOOKMARK [3][-]{subsubsection.5.6.1}{\376\377\000p\000r\000o\000p\000e\000r\000t\000i\000e\000s\000\040\000o\000f\000\040\000S\000T\000F\000\040\000t\000e\000n\000s\000o\000r\000s}{subsection.5.6}% 19
\BOOKMARK [2][-]{subsection.5.7}{\376\377\000E\000x\000a\000m\000p\000l\000e\000\040\000\050\000c\000o\000n\000t\000i\000n\000u\000e\000d\000\051\000:\000\040\000e\000x\000t\000e\000r\000i\000o\000r\000\040\000z\000o\000n\000e}{section.5}% 20
\BOOKMARK [2][-]{subsection.5.8}{\376\377\000W\000a\000v\000e\000-\000z\000o\000n\000e\000\040\000s\000o\000l\000u\000t\000i\000o\000n\000s}{section.5}% 21
\BOOKMARK [3][-]{subsubsection.5.8.1}{\376\377\000P\000r\000o\000p\000e\000r\000t\000i\000e\000s\000\040\000o\000f\000\040\000S\000p\000h\000e\000r\000i\000c\000a\000l\000\040\000H\000a\000r\000m\000o\000n\000i\000c\000s}{subsection.5.8}% 22
\BOOKMARK [2][-]{subsection.5.9}{\376\377\000N\000o\000n\000\040\000l\000i\000n\000e\000a\000r\000\040\000f\000e\000a\000t\000u\000r\000e\000s\000\040\000i\000n\000\040\000P\000N\000\040\000t\000h\000e\000o\000r\000y}{section.5}% 23
\BOOKMARK [3][-]{subsubsection.5.9.1}{\376\377\000T\000a\000i\000l\000\040\000e\000f\000f\000e\000c\000t\000s}{subsection.5.9}% 24
\BOOKMARK [3][-]{subsubsection.5.9.2}{\376\377\000M\000e\000m\000o\000r\000y\000\040\000e\000f\000f\000e\000c\000t\000s}{subsection.5.9}% 25
\BOOKMARK [1][-]{section.6}{\376\377\000A\000p\000p\000l\000i\000c\000a\000t\000i\000o\000n\000\040\000t\000o\000\040\000a\000\040\000b\000i\000n\000a\000r\000y\000\040\000s\000y\000s\000t\000e\000m}{}% 26
\BOOKMARK [2][-]{subsubsection.6.0.1}{\376\377\000E\000O\000M\000\040\000o\000f\000\040\000l\000a\000g\000r\000a\000n\000g\000i\000a\000n\000\040\000i\000n\000\040\000c\000i\000r\000c\000u\000l\000a\000r\000\040\000o\000r\000b\000i\000t\000s}{section.6}% 27
\BOOKMARK [2][-]{subsection.6.1}{\376\377\000I\000n\000s\000p\000i\000r\000a\000l\000\040\000f\000r\000e\000q\000u\000e\000n\000c\000y\000\040\000c\000o\000r\000r\000e\000c\000t\000i\000o\000n\000\040\000a\000t\000\040\0001\000P\000N\000\040\000o\000r\000d\000e\000r}{section.6}% 28
\BOOKMARK [3][-]{subsubsection.6.1.1}{\376\377\000I\000n\000s\000p\000i\000r\000a\000l\000\040\000t\000i\000m\000e\000\040\000e\000v\000a\000l\000u\000a\000t\000i\000o\000n}{subsection.6.1}% 29
\BOOKMARK [1][-]{section.7}{\376\377\000C\000o\000m\000p\000a\000c\000t\000\040\000o\000b\000j\000e\000c\000t\000s}{}% 30
\BOOKMARK [2][-]{subsection.7.1}{\376\377\000M\000a\000t\000h\000e\000m\000a\000t\000i\000c\000a\000l\000\040\000d\000e\000s\000c\000r\000i\000p\000t\000i\000o\000n\000\040\000o\000f\000\040\000C\000o\000m\000p\000a\000c\000t\000\040\000O\000b\000j\000e\000c\000t\000s}{section.7}% 31
\BOOKMARK [3][-]{subsubsection.7.1.1}{\376\377\000N\000e\000u\000t\000r\000o\000n\000\040\000s\000t\000a\000r\000s}{subsection.7.1}% 32
\BOOKMARK [3][-]{subsubsection.7.1.2}{\376\377\000B\000i\000n\000a\000r\000y\000\040\000s\000y\000s\000t\000e\000m\000\040\000t\000i\000d\000a\000l\000\040\000f\000i\000e\000l\000d\000s}{subsection.7.1}% 33
\BOOKMARK [2][-]{subsection.7.2}{\376\377\000C\000o\000m\000p\000a\000c\000t\000\040\000o\000b\000j\000e\000c\000t\000s\000\040\000-\000\040\000N\000o\000n\000-\000s\000p\000i\000n\000n\000i\000n\000g\000\040\000c\000a\000s\000e}{section.7}% 34
\BOOKMARK [2][-]{subsection.7.3}{\376\377\000L\000i\000n\000e\000a\000r\000\040\000t\000i\000d\000a\000l\000\040\000r\000e\000s\000p\000o\000n\000s\000e}{section.7}% 35
\BOOKMARK [2][-]{subsection.7.4}{\376\377\000Q\000u\000a\000d\000r\000u\000p\000o\000l\000e\000\040\000e\000f\000f\000e\000c\000t\000s\000\040\000i\000n\000\040\000b\000i\000n\000a\000r\000i\000e\000s}{section.7}% 36
\BOOKMARK [1][-]{appendix.A}{\376\377\000B\000M\000S\000-\000g\000r\000o\000u\000p}{}% 37
